<?xml version="1.0" encoding="UTF-8"?>
<testng-results ignored="0" total="6" passed="6" failed="0" skipped="0">
  <reporter-output>
  </reporter-output>
  <suite started-at="2022-01-29T14:55:50Z" name="Suite" finished-at="2022-01-29T14:55:57Z" duration-ms="6983">
    <groups>
    </groups>
    <test started-at="2022-01-29T14:55:50Z" name="regression" finished-at="2022-01-29T14:55:50Z" duration-ms="680">
      <class name="testcases.TC001MyAccount">
        <test-method signature="VerifyLogin()[pri:0, instance:testcases.TC001MyAccount@305b7c14]" started-at="2022-01-29T14:55:50Z" name="VerifyLogin" finished-at="2022-01-29T14:55:50Z" duration-ms="661" status="PASS">
          <reporter-output>
          </reporter-output>
        </test-method> <!-- VerifyLogin -->
      </class> <!-- testcases.TC001MyAccount -->
    </test> <!-- regression -->
    <test started-at="2022-01-29T14:55:50Z" name="register" finished-at="2022-01-29T14:55:53Z" duration-ms="2642">
      <class name="testcases.TC002Register">
        <test-method signature="verifyRegister()[pri:1, instance:testcases.TC002Register@ed7f8b4]" started-at="2022-01-29T14:55:50Z" name="verifyRegister" finished-at="2022-01-29T14:55:51Z" duration-ms="1172" status="PASS">
          <reporter-output>
          </reporter-output>
        </test-method> <!-- verifyRegister -->
        <test-method signature="verifyRegister1()[pri:2, instance:testcases.TC002Register@ed7f8b4]" started-at="2022-01-29T14:55:51Z" name="verifyRegister1" finished-at="2022-01-29T14:55:53Z" duration-ms="1465" status="PASS">
          <reporter-output>
          </reporter-output>
        </test-method> <!-- verifyRegister1 -->
      </class> <!-- testcases.TC002Register -->
    </test> <!-- register -->
    <test started-at="2022-01-29T14:55:53Z" name="login" finished-at="2022-01-29T14:55:57Z" duration-ms="3605">
      <class name="testcases.TC003Login">
        <test-method is-config="true" signature="Initialize()[pri:0, instance:testcases.TC003Login@38e79ae3]" started-at="2022-01-29T14:55:46Z" name="Initialize" finished-at="2022-01-29T14:55:50Z" duration-ms="3893" status="PASS">
          <reporter-output>
          </reporter-output>
        </test-method> <!-- Initialize -->
        <test-method signature="verifyLogin1()[pri:1, instance:testcases.TC003Login@38e79ae3]" started-at="2022-01-29T14:55:53Z" name="verifyLogin1" finished-at="2022-01-29T14:55:54Z" duration-ms="1099" status="PASS">
          <reporter-output>
          </reporter-output>
        </test-method> <!-- verifyLogin1 -->
        <test-method signature="verifyLogin2()[pri:2, instance:testcases.TC003Login@38e79ae3]" started-at="2022-01-29T14:55:54Z" name="verifyLogin2" finished-at="2022-01-29T14:55:55Z" duration-ms="1102" status="PASS">
          <reporter-output>
          </reporter-output>
        </test-method> <!-- verifyLogin2 -->
        <test-method signature="verifyLogin()[pri:3, instance:testcases.TC003Login@38e79ae3]" started-at="2022-01-29T14:55:55Z" name="verifyLogin" finished-at="2022-01-29T14:55:57Z" duration-ms="1397" status="PASS">
          <reporter-output>
          </reporter-output>
        </test-method> <!-- verifyLogin -->
        <test-method is-config="true" signature="tearDown()[pri:0, instance:testcases.TC003Login@38e79ae3]" started-at="2022-01-29T14:55:57Z" name="tearDown" finished-at="2022-01-29T14:55:57Z" duration-ms="62" status="PASS">
          <reporter-output>
          </reporter-output>
        </test-method> <!-- tearDown -->
      </class> <!-- testcases.TC003Login -->
    </test> <!-- login -->
  </suite> <!-- Suite -->
</testng-results>
