<?xml version="1.0" encoding="UTF-8"?>
<!-- Generated by org.testng.reporters.JUnitXMLReporter -->
<testsuite ignored="0" hostname="DESKTOP-TFJH4KN" failures="0" tests="3" name="login" time="3.605" errors="0" timestamp="29 Jan. 2022 14:55:57 GMT">
  <testcase classname="testcases.TC003Login" name="verifyLogin1" time="1.099"/>
  <testcase classname="testcases.TC003Login" name="verifyLogin2" time="1.102"/>
  <testcase classname="testcases.TC003Login" name="verifyLogin" time="1.397"/>
</testsuite> <!-- login -->
